<?xml version="1.0" encoding="UTF-8"?>
<!-- Generated by org.testng.reporters.JUnitReportReporter -->
<testsuite hostname="DESKTOP-S7KDN7V" failures="0" tests="1" name="automation.mavenProject.Cj" time="23.788" errors="0" timestamp="2025-04-27T11:54:32 CST" skipped="0">
  <testcase classname="automation.mavenProject.Cj" name="Login" time="23.788"/>
</testsuite> <!-- automation.mavenProject.Cj -->
